<?xml version="1.0" encoding="UTF-8"?>
<testng-results ignored="0" total="1" passed="1" failed="0" skipped="0">
  <reporter-output>
  </reporter-output>
  <suite started-at="2020-12-30T14:44:11 TRT" name="Default suite" finished-at="2020-12-30T14:45:08 TRT" duration-ms="57190">
    <groups>
    </groups>
    <test started-at="2020-12-30T14:44:11 TRT" name="Default test" finished-at="2020-12-30T14:45:08 TRT" duration-ms="57190">
      <class name="com.trendyol.test.tests.MyTest">
        <test-method is-config="true" signature="setUp()[pri:0, instance:com.trendyol.test.tests.MyTest@7c0c77c7]" started-at="2020-12-30T14:44:06 TRT" name="setUp" finished-at="2020-12-30T14:44:11 TRT" duration-ms="5423" status="PASS">
          <reporter-output>
          </reporter-output>
        </test-method> <!-- setUp -->
        <test-method is-config="true" signature="beforeTest()[pri:0, instance:com.trendyol.test.tests.MyTest@7c0c77c7]" started-at="2020-12-30T14:44:11 TRT" name="beforeTest" finished-at="2020-12-30T14:44:24 TRT" duration-ms="12664" status="PASS">
          <reporter-output>
          </reporter-output>
        </test-method> <!-- beforeTest -->
        <test-method signature="myTest()[pri:0, instance:com.trendyol.test.tests.MyTest@7c0c77c7]" started-at="2020-12-30T14:44:24 TRT" name="myTest" finished-at="2020-12-30T14:45:07 TRT" duration-ms="43445" status="PASS">
          <reporter-output>
          </reporter-output>
        </test-method> <!-- myTest -->
        <test-method is-config="true" signature="afterTest()[pri:0, instance:com.trendyol.test.tests.MyTest@7c0c77c7]" started-at="2020-12-30T14:45:07 TRT" name="afterTest" finished-at="2020-12-30T14:45:08 TRT" duration-ms="1067" status="PASS">
          <reporter-output>
          </reporter-output>
        </test-method> <!-- afterTest -->
        <test-method is-config="true" signature="tearDown()[pri:0, instance:com.trendyol.test.tests.MyTest@7c0c77c7]" started-at="2020-12-30T14:45:08 TRT" name="tearDown" finished-at="2020-12-30T14:45:09 TRT" duration-ms="618" status="PASS">
          <reporter-output>
          </reporter-output>
        </test-method> <!-- tearDown -->
      </class> <!-- com.trendyol.test.tests.MyTest -->
    </test> <!-- Default test -->
  </suite> <!-- Default suite -->
</testng-results>
